<?xml version="1.0" encoding="UTF-8"?>
<!-- Generated by org.testng.reporters.JUnitReportReporter -->
<testsuite hostname="DESKTOP-UBNUAQT" failures="0" tests="2" name="testClasses.LoginTest" time="50.554" errors="0" timestamp="2023-07-31T00:03:54 BDT" skipped="0">
  <testcase classname="testClasses.LoginTest" name="loginPageTitle" time="45.529"/>
  <system-out/>
  <testcase classname="testClasses.LoginTest" name="performLogin" time="5.025"/>
  <system-out/>
</testsuite> <!-- testClasses.LoginTest -->
