<?xml version="1.0" encoding="UTF-8"?>
<!-- Generated by org.testng.reporters.JUnitReportReporter -->
<testsuite hostname="DESKTOP-UBNUAQT" failures="0" tests="2" name="com.bd.WebAutomation1.KeyBoardAction" time="18.537" errors="0" timestamp="2023-01-14T03:42:14 BDT" skipped="0">
  <testcase classname="com.bd.WebAutomation1.KeyBoardAction" name="startWebSite" time="9.770"/>
  <system-out/>
  <testcase classname="com.bd.WebAutomation1.KeyBoardAction" name="copyPaste" time="8.767"/>
  <system-out/>
</testsuite> <!-- com.bd.WebAutomation1.KeyBoardAction -->
