<?xml version="1.0" encoding="UTF-8"?>
<!-- Generated by org.testng.reporters.JUnitReportReporter -->
<testsuite hostname="DESKTOP-UBNUAQT" failures="0" tests="2" name="com.bd.WebAutomation1.WebAuto1" time="15.468" errors="0" timestamp="2022-12-16T15:18:34 BDT" skipped="0">
  <testcase classname="com.bd.WebAutomation1.WebAuto1" name="openUrl" time="10.430"/>
  <system-out/>
  <testcase classname="com.bd.WebAutomation1.WebAuto1" name="login" time="5.038"/>
  <system-out/>
</testsuite> <!-- com.bd.WebAutomation1.WebAuto1 -->
