<?xml version="1.0" encoding="UTF-8"?>
<!-- Generated by org.testng.reporters.JUnitReportReporter -->
<testsuite hostname="DESKTOP-UBNUAQT" failures="0" tests="2" name="com.bd.WebAutomation1.Question_2" time="13.174" errors="0" timestamp="2022-12-17T22:08:42 BDT" skipped="0">
  <testcase classname="com.bd.WebAutomation1.Question_2" name="openUrl" time="9.972"/>
  <system-out/>
  <testcase classname="com.bd.WebAutomation1.Question_2" name="dropDown" time="3.202"/>
  <system-out/>
</testsuite> <!-- com.bd.WebAutomation1.Question_2 -->
