<?xml version="1.0" encoding="UTF-8"?>
<!-- Generated by org.testng.reporters.JUnitReportReporter -->
<testsuite hostname="DESKTOP-UBNUAQT" failures="0" tests="2" name="com.bd.WebAutomation1.Navigate" time="26.105" errors="0" timestamp="2023-01-08T01:31:29 BDT" skipped="0">
  <testcase classname="com.bd.WebAutomation1.Navigate" name="startWebSite" time="7.836"/>
  <system-out/>
  <testcase classname="com.bd.WebAutomation1.Navigate" name="navigate" time="18.269"/>
  <system-out/>
</testsuite> <!-- com.bd.WebAutomation1.Navigate -->
