<?xml version="1.0" encoding="UTF-8"?>
<!-- Generated by org.testng.reporters.JUnitReportReporter -->
<testsuite hostname="DESKTOP-UBNUAQT" failures="0" tests="2" name="com.bd.WebAutomation1.DropDwon2" time="12.373" errors="0" timestamp="2023-01-08T01:16:34 BDT" skipped="0">
  <testcase classname="com.bd.WebAutomation1.DropDwon2" name="startWebSite" time="7.861"/>
  <system-out/>
  <testcase classname="com.bd.WebAutomation1.DropDwon2" name="DropDown" time="4.512"/>
  <system-out/>
</testsuite> <!-- com.bd.WebAutomation1.DropDwon2 -->
