<?xml version="1.0" encoding="UTF-8"?>
<!-- Generated by org.testng.reporters.JUnitReportReporter -->
<testsuite hostname="DESKTOP-UBNUAQT" failures="0" tests="2" name="com.bd.WebAutomation1.Form_Example" time="19.802" errors="0" timestamp="2023-01-07T17:14:44 BDT" skipped="0">
  <testcase classname="com.bd.WebAutomation1.Form_Example" name="startWebSite" time="8.372"/>
  <system-out/>
  <testcase classname="com.bd.WebAutomation1.Form_Example" name="fromFillUp" time="11.430"/>
  <system-out/>
</testsuite> <!-- com.bd.WebAutomation1.Form_Example -->
