<?xml version="1.0" encoding="UTF-8"?>
<!-- Generated by org.testng.reporters.JUnitReportReporter -->
<testsuite hostname="DESKTOP-UBNUAQT" failures="0" tests="2" name="com.bd.WebAutomation1.Alart" time="56.586" errors="0" timestamp="2023-08-06T20:09:13 BDT" skipped="0">
  <testcase classname="com.bd.WebAutomation1.Alart" name="startWebSite" time="39.005"/>
  <system-out/>
  <testcase classname="com.bd.WebAutomation1.Alart" name="navigate" time="17.581"/>
  <system-out/>
</testsuite> <!-- com.bd.WebAutomation1.Alart -->
