<?xml version="1.0" encoding="UTF-8"?>
<!-- Generated by org.testng.reporters.JUnitReportReporter -->
<testsuite hostname="DESKTOP-UBNUAQT" failures="0" tests="2" name="com.bd.WebAutomation1.Question_1" time="20.446" errors="0" timestamp="2022-12-17T19:30:49 BDT" skipped="0">
  <testcase classname="com.bd.WebAutomation1.Question_1" name="openUrl" time="7.573"/>
  <system-out/>
  <testcase classname="com.bd.WebAutomation1.Question_1" name="testLocators" time="12.873"/>
  <system-out/>
</testsuite> <!-- com.bd.WebAutomation1.Question_1 -->
