<?xml version="1.0" encoding="UTF-8"?>
<!-- Generated by org.testng.reporters.JUnitReportReporter -->
<testsuite hostname="DESKTOP-UBNUAQT" failures="0" tests="2" name="com.bd.WebAutomation1.TestNG_Example" time="0.040" errors="0" timestamp="2022-12-18T01:15:07 BDT" skipped="0">
  <testcase classname="com.bd.WebAutomation1.TestNG_Example" name="test2" time="0.024"/>
  <system-out/>
  <testcase classname="com.bd.WebAutomation1.TestNG_Example" name="test" time="0.016"/>
  <system-out/>
</testsuite> <!-- com.bd.WebAutomation1.TestNG_Example -->
