<?xml version="1.0" encoding="UTF-8"?>
<!-- Generated by org.testng.reporters.JUnitReportReporter -->
<testsuite hostname="DESKTOP-UBNUAQT" failures="0" tests="2" name="com.bd.WebAutomation1.Locators" time="16.653" errors="0" timestamp="2023-01-07T14:02:04 BDT" skipped="0">
  <testcase classname="com.bd.WebAutomation1.Locators" name="openUrl" time="4.302"/>
  <system-out/>
  <testcase classname="com.bd.WebAutomation1.Locators" name="testLocators" time="12.351"/>
  <system-out/>
</testsuite> <!-- com.bd.WebAutomation1.Locators -->
